<?xml version='1.0' encoding='UTF-8' ?>
<testsuite name="org.linesofcode.alltrack.test" tests="25" failures="2" errors="0" skipped="0" time="206.244" timestamp="2016-01-30T21:40:07" hostname="localhost">
  <properties />
  <testcase name="clickOnCancelShouldNotCreateNewGraph" classname="org.linesofcode.alltrack.GraphActivitiyInteractionUITest" time="8.011" />
  <testcase name="hittingEnterInGraphNameFieldShouldCreateNewGraph" classname="org.linesofcode.alltrack.GraphActivitiyInteractionUITest" time="6.394">
    <failure>java.lang.RuntimeException: java.lang.reflect.InvocationTargetException
at android.support.test.espresso.core.deps.guava.base.Throwables.propagate(Throwables.java:160)
at android.support.test.espresso.base.QueueInterrogator.getNextMessage(QueueInterrogator.java:105)
at android.support.test.espresso.base.UiControllerImpl.loopUntil(UiControllerImpl.java:466)
at android.support.test.espresso.base.UiControllerImpl.loopUntil(UiControllerImpl.java:408)
at android.support.test.espresso.base.UiControllerImpl.injectKeyEvent(UiControllerImpl.java:192)
at android.support.test.espresso.base.UiControllerImpl.injectString(UiControllerImpl.java:287)
at android.support.test.espresso.action.TypeTextAction.perform(TypeTextAction.java:105)
at android.support.test.espresso.ViewInteraction$1.run(ViewInteraction.java:144)
at java.util.concurrent.Executors$RunnableAdapter.call(Executors.java:422)
at java.util.concurrent.FutureTask.run(FutureTask.java:237)
at android.os.Handler.handleCallback(Handler.java:733)
at android.os.Handler.dispatchMessage(Handler.java:95)
at android.os.Looper.loop(Looper.java:136)
at android.app.ActivityThread.main(ActivityThread.java:5001)
at java.lang.reflect.Method.invokeNative(Native Method)
at java.lang.reflect.Method.invoke(Method.java:515)
at com.android.internal.os.ZygoteInit$MethodAndArgsCaller.run(ZygoteInit.java:785)
at com.android.internal.os.ZygoteInit.main(ZygoteInit.java:601)
at dalvik.system.NativeStart.main(Native Method)
Caused by: java.lang.reflect.InvocationTargetException
at java.lang.reflect.Method.invokeNative(Native Method)
at java.lang.reflect.Method.invoke(Method.java:515)
at android.support.test.espresso.base.QueueInterrogator.getNextMessage(QueueInterrogator.java:99)
... 17 more
Caused by: java.lang.RuntimeException: java.sql.SQLException: Unable to run insert stmt on object org.linesofcode.alltrack.graph.Graph&#64;d998555a: INSERT INTO `graph` (`name` ) VALUES (?)
at com.j256.ormlite.dao.RuntimeExceptionDao.createOrUpdate(RuntimeExceptionDao.java:251)
at org.linesofcode.alltrack.graph.GraphService.createNewGraph(GraphService.java:85)
at org.linesofcode.alltrack.graph.CreateGraphActivity.createGraph(CreateGraphActivity.java:97)
at org.linesofcode.alltrack.graph.CreateGraphActivity.access$000(CreateGraphActivity.java:36)
at org.linesofcode.alltrack.graph.CreateGraphActivity$3.onKey(CreateGraphActivity.java:79)
at android.view.View.dispatchKeyEvent(View.java:7660)
at android.view.ViewGroup.dispatchKeyEvent(ViewGroup.java:1408)
at android.view.ViewGroup.dispatchKeyEvent(ViewGroup.java:1408)
at android.view.ViewGroup.dispatchKeyEvent(ViewGroup.java:1408)
at android.view.ViewGroup.dispatchKeyEvent(ViewGroup.java:1408)
at android.view.ViewGroup.dispatchKeyEvent(ViewGroup.java:1408)
at android.view.ViewGroup.dispatchKeyEvent(ViewGroup.java:1408)
at android.view.ViewGroup.dispatchKeyEvent(ViewGroup.java:1408)
at android.view.ViewGroup.dispatchKeyEvent(ViewGroup.java:1408)
at android.view.ViewGroup.dispatchKeyEvent(ViewGroup.java:1408)
at com.android.internal.policy.impl.PhoneWindow$DecorView.superDispatchKeyEvent(PhoneWindow.java:2035)
at com.android.internal.policy.impl.PhoneWindow.superDispatchKeyEvent(PhoneWindow.java:1505)
at android.app.Activity.dispatchKeyEvent(Activity.java:2418)
at android.support.v7.internal.view.WindowCallbackWrapper.dispatchKeyEvent(WindowCallbackWrapper.java:50)
at android.support.v7.app.AppCompatDelegateImplBase$AppCompatWindowCallbackBase.dispatchKeyEvent(AppCompatDelegateImplBase.java:224)
at android.support.v7.internal.view.WindowCallbackWrapper.dispatchKeyEvent(WindowCallbackWrapper.java:50)
at com.android.internal.policy.impl.PhoneWindow$DecorView.dispatchKeyEvent(PhoneWindow.java:1962)
at android.view.ViewRootImpl$ViewPostImeInputStage.processKeyEvent(ViewRootImpl.java:3845)
at android.view.ViewRootImpl$ViewPostImeInputStage.onProcess(ViewRootImpl.java:3819)
at android.view.ViewRootImpl$InputStage.deliver(ViewRootImpl.java:3392)
at android.view.ViewRootImpl$InputStage.onDeliverToNext(ViewRootImpl.java:3442)
at android.view.ViewRootImpl$InputStage.forward(ViewRootImpl.java:3411)
at android.view.ViewRootImpl$AsyncInputStage.forward(ViewRootImpl.java:3518)
at android.view.ViewRootImpl$InputStage.apply(ViewRootImpl.java:3419)
at android.view.ViewRootImpl$AsyncInputStage.apply(ViewRootImpl.java:3575)
at android.view.ViewRootImpl$InputStage.deliver(ViewRootImpl.java:3392)
at android.view.ViewRootImpl$InputStage.onDeliverToNext(ViewRootImpl.java:3442)
at android.view.ViewRootImpl$InputStage.forward(ViewRootImpl.java:3411)
at android.view.ViewRootImpl$InputStage.apply(ViewRootImpl.java:3419)
at android.view.ViewRootImpl$InputStage.deliver(ViewRootImpl.java:3392)
at android.view.ViewRootImpl$InputStage.onDeliverToNext(ViewRootImpl.java:3442)
at android.view.ViewRootImpl$InputStage.forward(ViewRootImpl.java:3411)
at android.view.ViewRootImpl$AsyncInputStage.forward(ViewRootImpl.java:3551)
at android.view.ViewRootImpl$ImeInputStage.onFinishedInputEvent(ViewRootImpl.java:3711)
at android.view.inputmethod.InputMethodManager$PendingEvent.run(InputMethodManager.java:2010)
at android.view.inputmethod.InputMethodManager.invokeFinishedInputEventCallback(InputMethodManager.java:1704)
at android.view.inputmethod.InputMethodManager.finishedInputEvent(InputMethodManager.java:1695)
at android.view.inputmethod.InputMethodManager$ImeInputEventSender.onInputEventFinished(InputMethodManager.java:1987)
at android.view.InputEventSender.dispatchInputEventFinished(InputEventSender.java:141)
at android.os.MessageQueue.nativePollOnce(Native Method)
at android.os.MessageQueue.next(MessageQueue.java:138)
... 20 more
Caused by: java.sql.SQLException: Unable to run insert stmt on object org.linesofcode.alltrack.graph.Graph&#64;d998555a: INSERT INTO `graph` (`name` ) VALUES (?)
at com.j256.ormlite.misc.SqlExceptionUtil.create(SqlExceptionUtil.java:22)
at com.j256.ormlite.stmt.mapped.MappedCreate.insert(MappedCreate.java:124)
at com.j256.ormlite.stmt.StatementExecutor.create(StatementExecutor.java:363)
at com.j256.ormlite.dao.BaseDaoImpl.create(BaseDaoImpl.java:306)
at com.j256.ormlite.dao.BaseDaoImpl.createOrUpdate(BaseDaoImpl.java:332)
at com.j256.ormlite.dao.RuntimeExceptionDao.createOrUpdate(RuntimeExceptionDao.java:248)
... 65 more
Caused by: java.sql.SQLException: inserting to database failed: INSERT INTO `graph` (`name` ) VALUES (?)
at com.j256.ormlite.misc.SqlExceptionUtil.create(SqlExceptionUtil.java:22)
at com.j256.ormlite.android.AndroidDatabaseConnection.insert(AndroidDatabaseConnection.java:134)
at com.j256.ormlite.stmt.mapped.MappedCreate.insert(MappedCreate.java:89)
... 69 more
Caused by: android.database.sqlite.SQLiteConstraintException: column name is not unique (code 19)
at android.database.sqlite.SQLiteConnection.nativeExecuteForLastInsertedRowId(Native Method)
at android.database.sqlite.SQLiteConnection.executeForLastInsertedRowId(SQLiteConnection.java:782)
at android.database.sqlite.SQLiteSession.executeForLastInsertedRowId(SQLiteSession.java:788)
at android.database.sqlite.SQLiteStatement.executeInsert(SQLiteStatement.java:86)
at com.j256.ormlite.android.AndroidDatabaseConnection.insert(AndroidDatabaseConnection.java:122)
... 70 more
</failure>
  </testcase>
  <testcase name="showSimpleGraph" classname="org.linesofcode.alltrack.GraphActivitiyInteractionUITest" time="0.93" />
  <testcase name="newlyAddedGraphShouldBeDisplayedImmediately" classname="org.linesofcode.alltrack.GraphActivitiyInteractionUITest" time="5.608">
    <failure>android.support.test.espresso.PerformException: Error performing 'single click' on view 'with id: org.linesofcode.alltrack:id/ok'.
at android.support.test.espresso.PerformException$Builder.build(PerformException.java:83)
at android.support.test.espresso.base.DefaultFailureHandler.getUserFriendlyError(DefaultFailureHandler.java:70)
at android.support.test.espresso.base.DefaultFailureHandler.handle(DefaultFailureHandler.java:53)
at android.support.test.espresso.ViewInteraction.runSynchronouslyOnUiThread(ViewInteraction.java:184)
at android.support.test.espresso.ViewInteraction.doPerform(ViewInteraction.java:115)
at android.support.test.espresso.ViewInteraction.perform(ViewInteraction.java:87)
at org.linesofcode.alltrack.GraphActivitiyInteractionUITest.createGraph(GraphActivitiyInteractionUITest.java:196)
at org.linesofcode.alltrack.GraphActivitiyInteractionUITest.newlyAddedGraphShouldBeDisplayedImmediately(GraphActivitiyInteractionUITest.java:150)
at java.lang.reflect.Method.invokeNative(Native Method)
at java.lang.reflect.Method.invoke(Method.java:515)
at org.junit.runners.model.FrameworkMethod$1.runReflectiveCall(FrameworkMethod.java:50)
at org.junit.internal.runners.model.ReflectiveCallable.run(ReflectiveCallable.java:12)
at org.junit.runners.model.FrameworkMethod.invokeExplosively(FrameworkMethod.java:47)
at org.junit.internal.runners.statements.InvokeMethod.evaluate(InvokeMethod.java:17)
at org.junit.internal.runners.statements.RunBefores.evaluate(RunBefores.java:26)
at org.junit.internal.runners.statements.RunAfters.evaluate(RunAfters.java:27)
at android.support.test.internal.statement.UiThreadStatement.evaluate(UiThreadStatement.java:55)
at android.support.test.rule.ActivityTestRule$ActivityStatement.evaluate(ActivityTestRule.java:257)
at org.junit.rules.RunRules.evaluate(RunRules.java:20)
at org.junit.runners.ParentRunner.runLeaf(ParentRunner.java:325)
at org.junit.runners.BlockJUnit4ClassRunner.runChild(BlockJUnit4ClassRunner.java:78)
at org.junit.runners.BlockJUnit4ClassRunner.runChild(BlockJUnit4ClassRunner.java:57)
at org.junit.runners.ParentRunner$3.run(ParentRunner.java:290)
at org.junit.runners.ParentRunner$1.schedule(ParentRunner.java:71)
at org.junit.runners.ParentRunner.runChildren(ParentRunner.java:288)
at org.junit.runners.ParentRunner.access$000(ParentRunner.java:58)
at org.junit.runners.ParentRunner$2.evaluate(ParentRunner.java:268)
at org.linesofcode.alltrack.framework.DisableAnimationsRule$1.evaluate(DisableAnimationsRule.java:64)
at org.junit.rules.RunRules.evaluate(RunRules.java:20)
at org.junit.runners.ParentRunner.run(ParentRunner.java:363)
at org.junit.runners.Suite.runChild(Suite.java:128)
at org.junit.runners.Suite.runChild(Suite.java:27)
at org.junit.runners.ParentRunner$3.run(ParentRunner.java:290)
at org.junit.runners.ParentRunner$1.schedule(ParentRunner.java:71)
at org.junit.runners.ParentRunner.runChildren(ParentRunner.java:288)
at org.junit.runners.ParentRunner.access$000(ParentRunner.java:58)
at org.junit.runners.ParentRunner$2.evaluate(ParentRunner.java:268)
at org.junit.runners.ParentRunner.run(ParentRunner.java:363)
at org.junit.runner.JUnitCore.run(JUnitCore.java:137)
at org.junit.runner.JUnitCore.run(JUnitCore.java:115)
at android.support.test.internal.runner.TestExecutor.execute(TestExecutor.java:54)
at android.support.test.runner.AndroidJUnitRunner.onStart(AndroidJUnitRunner.java:240)
at android.app.Instrumentation$InstrumentationThread.run(Instrumentation.java:1701)
Caused by: java.lang.RuntimeException: java.sql.SQLException: Unable to run insert stmt on object org.linesofcode.alltrack.graph.Graph&#64;658ef0ae: INSERT INTO `graph` (`name` ) VALUES (?)
at com.j256.ormlite.dao.RuntimeExceptionDao.createOrUpdate(RuntimeExceptionDao.java:251)
at org.linesofcode.alltrack.graph.GraphService.createNewGraph(GraphService.java:85)
at org.linesofcode.alltrack.graph.CreateGraphActivity.createGraph(CreateGraphActivity.java:97)
at org.linesofcode.alltrack.graph.CreateGraphActivity.access$000(CreateGraphActivity.java:36)
at org.linesofcode.alltrack.graph.CreateGraphActivity$1.onClick(CreateGraphActivity.java:59)
at android.view.View.performClick(View.java:4438)
at android.view.View$PerformClick.run(View.java:18422)
at android.os.Handler.handleCallback(Handler.java:733)
at android.os.Handler.dispatchMessage(Handler.java:95)
at android.support.test.espresso.base.UiControllerImpl.loopUntil(UiControllerImpl.java:467)
at android.support.test.espresso.base.UiControllerImpl.loopUntil(UiControllerImpl.java:408)
at android.support.test.espresso.base.UiControllerImpl.injectMotionEvent(UiControllerImpl.java:226)
at android.support.test.espresso.action.MotionEvents.sendUp(MotionEvents.java:138)
at android.support.test.espresso.action.MotionEvents.sendUp(MotionEvents.java:118)
at android.support.test.espresso.action.Tap.sendSingleTap(Tap.java:135)
at android.support.test.espresso.action.Tap.access$100(Tap.java:35)
at android.support.test.espresso.action.Tap$1.sendTap(Tap.java:40)
at android.support.test.espresso.action.GeneralClickAction.perform(GeneralClickAction.java:98)
at android.support.test.espresso.ViewInteraction$1.run(ViewInteraction.java:144)
at java.util.concurrent.Executors$RunnableAdapter.call(Executors.java:422)
at java.util.concurrent.FutureTask.run(FutureTask.java:237)
at android.os.Handler.handleCallback(Handler.java:733)
at android.os.Handler.dispatchMessage(Handler.java:95)
at android.os.Looper.loop(Looper.java:136)
at android.app.ActivityThread.main(ActivityThread.java:5001)
at java.lang.reflect.Method.invokeNative(Native Method)
at java.lang.reflect.Method.invoke(Method.java:515)
at com.android.internal.os.ZygoteInit$MethodAndArgsCaller.run(ZygoteInit.java:785)
at com.android.internal.os.ZygoteInit.main(ZygoteInit.java:601)
at dalvik.system.NativeStart.main(Native Method)
Caused by: java.sql.SQLException: Unable to run insert stmt on object org.linesofcode.alltrack.graph.Graph&#64;658ef0ae: INSERT INTO `graph` (`name` ) VALUES (?)
at com.j256.ormlite.misc.SqlExceptionUtil.create(SqlExceptionUtil.java:22)
at com.j256.ormlite.stmt.mapped.MappedCreate.insert(MappedCreate.java:124)
at com.j256.ormlite.stmt.StatementExecutor.create(StatementExecutor.java:363)
at com.j256.ormlite.dao.BaseDaoImpl.create(BaseDaoImpl.java:306)
at com.j256.ormlite.dao.BaseDaoImpl.createOrUpdate(BaseDaoImpl.java:332)
at com.j256.ormlite.dao.RuntimeExceptionDao.createOrUpdate(RuntimeExceptionDao.java:248)
... 29 more
Caused by: java.sql.SQLException: inserting to database failed: INSERT INTO `graph` (`name` ) VALUES (?)
at com.j256.ormlite.misc.SqlExceptionUtil.create(SqlExceptionUtil.java:22)
at com.j256.ormlite.android.AndroidDatabaseConnection.insert(AndroidDatabaseConnection.java:134)
at com.j256.ormlite.stmt.mapped.MappedCreate.insert(MappedCreate.java:89)
... 33 more
Caused by: android.database.sqlite.SQLiteConstraintException: column name is not unique (code 19)
at android.database.sqlite.SQLiteConnection.nativeExecuteForLastInsertedRowId(Native Method)
at android.database.sqlite.SQLiteConnection.executeForLastInsertedRowId(SQLiteConnection.java:782)
at android.database.sqlite.SQLiteSession.executeForLastInsertedRowId(SQLiteSession.java:788)
at android.database.sqlite.SQLiteStatement.executeInsert(SQLiteStatement.java:86)
at com.j256.ormlite.android.AndroidDatabaseConnection.insert(AndroidDatabaseConnection.java:122)
... 34 more
</failure>
  </testcase>
  <testcase name="addNewGraphShouldCreateNewGraph" classname="org.linesofcode.alltrack.GraphActivitiyInteractionUITest" time="8.798" />
  <testcase name="swipeDownShouldMaximizeAppBar" classname="org.linesofcode.alltrack.GraphActivitySetupUITest" time="5.885" />
  <testcase name="toolBarShouldBeRendered" classname="org.linesofcode.alltrack.GraphActivitySetupUITest" time="0.754" />
  <testcase name="mainActivityShouldBeStarted" classname="org.linesofcode.alltrack.GraphActivitySetupUITest" time="0.779" />
  <testcase name="recyclerViewShouldBeRendered" classname="org.linesofcode.alltrack.GraphActivitySetupUITest" time="0.001" />
  <testcase name="swipeUpShouldMinimizeAppBar" classname="org.linesofcode.alltrack.GraphActivitySetupUITest" time="1.459" />
  <testcase name="floatingActionButtonShouldBeRendered" classname="org.linesofcode.alltrack.GraphActivitySetupUITest" time="0.754" />
  <testcase name="testCreateGraphShouldPersistGraph" classname="org.linesofcode.alltrack.GraphServiceTest" time="0.126" />
  <testcase name="testDeleteGraphShouldDeleteDataPoints" classname="org.linesofcode.alltrack.GraphServiceTest" time="0.201" />
  <testcase name="testDeleteGraphShouldWork" classname="org.linesofcode.alltrack.GraphServiceTest" time="0.151" />
  <testcase name="testGetAllShouldHaveDatapointsOrdererdByTime" classname="org.linesofcode.alltrack.GraphServiceTest" time="0.152" />
  <testcase name="testSaveShouldCreateNewDatapoints" classname="org.linesofcode.alltrack.GraphServiceTest" time="0.227" />
  <testcase name="testSaveShouldDeleteDataPoints" classname="org.linesofcode.alltrack.GraphServiceTest" time="0.177" />
  <testcase name="testAndroidTestCaseSetupProperly" classname="org.linesofcode.alltrack.GraphServiceTest" time="0.026" />
  <testcase name="navigationViewShouldBeClosable" classname="org.linesofcode.alltrack.NavigationUITest" time="35.926" />
  <testcase name="clickOnDataSeriesShouldCloseNavigation" classname="org.linesofcode.alltrack.NavigationUITest" time="37.085" />
  <testcase name="openNavFromSettingsShouldHaveSettingsChecked" classname="org.linesofcode.alltrack.NavigationUITest" time="19.138" />
  <testcase name="navigatingBackToGraphActivityShouldHaveNavigationClosed" classname="org.linesofcode.alltrack.NavigationUITest" time="21.044" />
  <testcase name="clickOnSettingsShouldSwitchActivity" classname="org.linesofcode.alltrack.NavigationUITest" time="44.408" />
  <testcase name="navigationViewShouldBeRendered" classname="org.linesofcode.alltrack.NavigationUITest" time="10.134" />
  <testcase name="openNavFromMainShouldHaveMainChecked" classname="org.linesofcode.alltrack.NavigationUITest" time="8.805" />
</testsuite>