<?xml version='1.0' encoding='UTF-8' ?>
<testsuite name="org.linesofcode.alltrack.test" tests="22" failures="2" errors="0" skipped="0" time="0.0" timestamp="2016-01-30T21:37:55" hostname="localhost">
  <properties />
  <testcase name="clickOnCancelShouldNotCreateNewGraph" classname="org.linesofcode.alltrack.GraphActivitiyInteractionUITest" time="6.681" />
  <testcase name="hittingEnterInGraphNameFieldShouldCreateNewGraph" classname="org.linesofcode.alltrack.GraphActivitiyInteractionUITest" time="3.852">
    <failure>java.lang.RuntimeException: java.lang.reflect.InvocationTargetException
at android.support.test.espresso.core.deps.guava.base.Throwables.propagate(Throwables.java:160)
at android.support.test.espresso.base.QueueInterrogator.getNextMessage(QueueInterrogator.java:105)
at android.support.test.espresso.base.UiControllerImpl.loopUntil(UiControllerImpl.java:466)
at android.support.test.espresso.base.UiControllerImpl.loopUntil(UiControllerImpl.java:408)
at android.support.test.espresso.base.UiControllerImpl.injectKeyEvent(UiControllerImpl.java:192)
at android.support.test.espresso.base.UiControllerImpl.injectString(UiControllerImpl.java:287)
at android.support.test.espresso.action.TypeTextAction.perform(TypeTextAction.java:105)
at android.support.test.espresso.ViewInteraction$1.run(ViewInteraction.java:144)
at java.util.concurrent.Executors$RunnableAdapter.call(Executors.java:422)
at java.util.concurrent.FutureTask.run(FutureTask.java:237)
at android.os.Handler.handleCallback(Handler.java:739)
at android.os.Handler.dispatchMessage(Handler.java:95)
at android.os.Looper.loop(Looper.java:135)
at android.app.ActivityThread.main(ActivityThread.java:5254)
at java.lang.reflect.Method.invoke(Native Method)
at java.lang.reflect.Method.invoke(Method.java:372)
at com.android.internal.os.ZygoteInit$MethodAndArgsCaller.run(ZygoteInit.java:903)
at com.android.internal.os.ZygoteInit.main(ZygoteInit.java:698)
Caused by: java.lang.reflect.InvocationTargetException
at java.lang.reflect.Method.invoke(Native Method)
at java.lang.reflect.Method.invoke(Method.java:372)
at android.support.test.espresso.base.QueueInterrogator.getNextMessage(QueueInterrogator.java:99)
... 16 more
Caused by: java.lang.RuntimeException: java.sql.SQLException: Unable to run insert stmt on object org.linesofcode.alltrack.graph.Graph&#64;d998555a: INSERT INTO `graph` (`name` ) VALUES (?)
at com.j256.ormlite.dao.RuntimeExceptionDao.createOrUpdate(RuntimeExceptionDao.java:251)
at org.linesofcode.alltrack.graph.GraphService.createNewGraph(GraphService.java:85)
at org.linesofcode.alltrack.graph.CreateGraphActivity.createGraph(CreateGraphActivity.java:97)
at org.linesofcode.alltrack.graph.CreateGraphActivity.access$000(CreateGraphActivity.java:36)
at org.linesofcode.alltrack.graph.CreateGraphActivity$3.onKey(CreateGraphActivity.java:79)
at android.view.View.dispatchKeyEvent(View.java:8406)
at android.view.ViewGroup.dispatchKeyEvent(ViewGroup.java:1495)
at android.view.ViewGroup.dispatchKeyEvent(ViewGroup.java:1495)
at android.view.ViewGroup.dispatchKeyEvent(ViewGroup.java:1495)
at android.view.ViewGroup.dispatchKeyEvent(ViewGroup.java:1495)
at android.view.ViewGroup.dispatchKeyEvent(ViewGroup.java:1495)
at android.view.ViewGroup.dispatchKeyEvent(ViewGroup.java:1495)
at android.view.ViewGroup.dispatchKeyEvent(ViewGroup.java:1495)
at android.view.ViewGroup.dispatchKeyEvent(ViewGroup.java:1495)
at android.view.ViewGroup.dispatchKeyEvent(ViewGroup.java:1495)
at com.android.internal.policy.impl.PhoneWindow$DecorView.superDispatchKeyEvent(PhoneWindow.java:2361)
at com.android.internal.policy.impl.PhoneWindow.superDispatchKeyEvent(PhoneWindow.java:1709)
at android.app.Activity.dispatchKeyEvent(Activity.java:2702)
at android.support.v7.internal.view.WindowCallbackWrapper.dispatchKeyEvent(WindowCallbackWrapper.java:50)
at android.support.v7.app.AppCompatDelegateImplBase$AppCompatWindowCallbackBase.dispatchKeyEvent(AppCompatDelegateImplBase.java:224)
at android.support.v7.internal.view.WindowCallbackWrapper.dispatchKeyEvent(WindowCallbackWrapper.java:50)
at com.android.internal.policy.impl.PhoneWindow$DecorView.dispatchKeyEvent(PhoneWindow.java:2276)
at android.view.ViewRootImpl$ViewPostImeInputStage.processKeyEvent(ViewRootImpl.java:4020)
at android.view.ViewRootImpl$ViewPostImeInputStage.onProcess(ViewRootImpl.java:3982)
at android.view.ViewRootImpl$InputStage.deliver(ViewRootImpl.java:3544)
at android.view.ViewRootImpl$InputStage.onDeliverToNext(ViewRootImpl.java:3597)
at android.view.ViewRootImpl$InputStage.forward(ViewRootImpl.java:3563)
at android.view.ViewRootImpl$AsyncInputStage.forward(ViewRootImpl.java:3680)
at android.view.ViewRootImpl$InputStage.apply(ViewRootImpl.java:3571)
at android.view.ViewRootImpl$AsyncInputStage.apply(ViewRootImpl.java:3737)
at android.view.ViewRootImpl$InputStage.deliver(ViewRootImpl.java:3544)
at android.view.ViewRootImpl$InputStage.onDeliverToNext(ViewRootImpl.java:3597)
at android.view.ViewRootImpl$InputStage.forward(ViewRootImpl.java:3563)
at android.view.ViewRootImpl$InputStage.apply(ViewRootImpl.java:3571)
at android.view.ViewRootImpl$InputStage.deliver(ViewRootImpl.java:3544)
at android.view.ViewRootImpl$InputStage.onDeliverToNext(ViewRootImpl.java:3597)
at android.view.ViewRootImpl$InputStage.forward(ViewRootImpl.java:3563)
at android.view.ViewRootImpl$AsyncInputStage.forward(ViewRootImpl.java:3713)
at android.view.ViewRootImpl$ImeInputStage.onFinishedInputEvent(ViewRootImpl.java:3874)
at android.view.inputmethod.InputMethodManager$PendingEvent.run(InputMethodManager.java:2208)
at android.view.inputmethod.InputMethodManager.invokeFinishedInputEventCallback(InputMethodManager.java:1849)
at android.view.inputmethod.InputMethodManager.finishedInputEvent(InputMethodManager.java:1840)
at android.view.inputmethod.InputMethodManager$ImeInputEventSender.onInputEventFinished(InputMethodManager.java:2185)
at android.view.InputEventSender.dispatchInputEventFinished(InputEventSender.java:141)
at android.os.MessageQueue.nativePollOnce(Native Method)
at android.os.MessageQueue.next(MessageQueue.java:143)
... 19 more
Caused by: java.sql.SQLException: Unable to run insert stmt on object org.linesofcode.alltrack.graph.Graph&#64;d998555a: INSERT INTO `graph` (`name` ) VALUES (?)
at com.j256.ormlite.misc.SqlExceptionUtil.create(SqlExceptionUtil.java:22)
at com.j256.ormlite.stmt.mapped.MappedCreate.insert(MappedCreate.java:124)
at com.j256.ormlite.stmt.StatementExecutor.create(StatementExecutor.java:363)
at com.j256.ormlite.dao.BaseDaoImpl.create(BaseDaoImpl.java:306)
at com.j256.ormlite.dao.BaseDaoImpl.createOrUpdate(BaseDaoImpl.java:332)
at com.j256.ormlite.dao.RuntimeExceptionDao.createOrUpdate(RuntimeExceptionDao.java:248)
... 64 more
Caused by: java.sql.SQLException: inserting to database failed: INSERT INTO `graph` (`name` ) VALUES (?)
at com.j256.ormlite.misc.SqlExceptionUtil.create(SqlExceptionUtil.java:22)
at com.j256.ormlite.android.AndroidDatabaseConnection.insert(AndroidDatabaseConnection.java:134)
at com.j256.ormlite.stmt.mapped.MappedCreate.insert(MappedCreate.java:89)
... 68 more
Caused by: android.database.sqlite.SQLiteConstraintException: UNIQUE constraint failed: graph.name (code 2067)
at android.database.sqlite.SQLiteConnection.nativeExecuteForLastInsertedRowId(Native Method)
at android.database.sqlite.SQLiteConnection.executeForLastInsertedRowId(SQLiteConnection.java:782)
at android.database.sqlite.SQLiteSession.executeForLastInsertedRowId(SQLiteSession.java:788)
at android.database.sqlite.SQLiteStatement.executeInsert(SQLiteStatement.java:86)
at com.j256.ormlite.android.AndroidDatabaseConnection.insert(AndroidDatabaseConnection.java:122)
... 69 more
</failure>
  </testcase>
  <testcase name="showSimpleGraph" classname="org.linesofcode.alltrack.GraphActivitiyInteractionUITest" time="5.932" />
  <testcase name="newlyAddedGraphShouldBeDisplayedImmediately" classname="org.linesofcode.alltrack.GraphActivitiyInteractionUITest" time="7.137" />
  <testcase name="addNewGraphShouldCreateNewGraph" classname="org.linesofcode.alltrack.GraphActivitiyInteractionUITest" time="8.296" />
  <testcase name="swipeDownShouldMaximizeAppBar" classname="org.linesofcode.alltrack.GraphActivitySetupUITest" time="5.236" />
  <testcase name="toolBarShouldBeRendered" classname="org.linesofcode.alltrack.GraphActivitySetupUITest" time="1.382" />
  <testcase name="mainActivityShouldBeStarted" classname="org.linesofcode.alltrack.GraphActivitySetupUITest" time="1.64" />
  <testcase name="recyclerViewShouldBeRendered" classname="org.linesofcode.alltrack.GraphActivitySetupUITest" time="1.132" />
  <testcase name="swipeUpShouldMinimizeAppBar" classname="org.linesofcode.alltrack.GraphActivitySetupUITest" time="4.098" />
  <testcase name="floatingActionButtonShouldBeRendered" classname="org.linesofcode.alltrack.GraphActivitySetupUITest" time="0.805" />
  <testcase name="testCreateGraphShouldPersistGraph" classname="org.linesofcode.alltrack.GraphServiceTest" time="0.151" />
  <testcase name="testDeleteGraphShouldDeleteDataPoints" classname="org.linesofcode.alltrack.GraphServiceTest" time="0.126" />
  <testcase name="testDeleteGraphShouldWork" classname="org.linesofcode.alltrack.GraphServiceTest" time="0.177" />
  <testcase name="testGetAllShouldHaveDatapointsOrdererdByTime" classname="org.linesofcode.alltrack.GraphServiceTest" time="0.653" />
  <testcase name="testSaveShouldCreateNewDatapoints" classname="org.linesofcode.alltrack.GraphServiceTest" time="0.075" />
  <testcase name="testSaveShouldDeleteDataPoints" classname="org.linesofcode.alltrack.GraphServiceTest" time="0.051" />
  <testcase name="testAndroidTestCaseSetupProperly" classname="org.linesofcode.alltrack.GraphServiceTest" time="0.0" />
  <testcase name="navigationViewShouldBeClosable" classname="org.linesofcode.alltrack.NavigationUITest" time="5.254" />
  <testcase name="clickOnDataSeriesShouldCloseNavigation" classname="org.linesofcode.alltrack.NavigationUITest" time="7.689" />
  <testcase name="openNavFromSettingsShouldHaveSettingsChecked" classname="org.linesofcode.alltrack.NavigationUITest" time="7.043">
    <failure>java.lang.OutOfMemoryError: Failed to allocate a 3686412 byte allocation with 3025596 free bytes and 2MB until OOM
at dalvik.system.VMRuntime.newNonMovableArray(Native Method)
at android.graphics.Bitmap.nativeCreate(Native Method)
at android.graphics.Bitmap.createBitmap(Bitmap.java:812)
at android.graphics.Bitmap.createBitmap(Bitmap.java:789)
at android.graphics.Bitmap.createBitmap(Bitmap.java:756)
at com.squareup.spoon.Spoon.takeScreenshot(Spoon.java:93)
at com.squareup.spoon.Spoon.screenshot(Spoon.java:83)
at com.squareup.spoon.Spoon.screenshot(Spoon.java:60)
at org.linesofcode.alltrack.NavigationUITest.openNavFromSettingsShouldHaveSettingsChecked(NavigationUITest.java:109)
at java.lang.reflect.Method.invoke(Native Method)
at java.lang.reflect.Method.invoke(Method.java:372)
at org.junit.runners.model.FrameworkMethod$1.runReflectiveCall(FrameworkMethod.java:50)
at org.junit.internal.runners.model.ReflectiveCallable.run(ReflectiveCallable.java:12)
at org.junit.runners.model.FrameworkMethod.invokeExplosively(FrameworkMethod.java:47)
at org.junit.internal.runners.statements.InvokeMethod.evaluate(InvokeMethod.java:17)
at org.junit.internal.runners.statements.RunBefores.evaluate(RunBefores.java:26)
at android.support.test.internal.statement.UiThreadStatement.evaluate(UiThreadStatement.java:55)
at android.support.test.rule.ActivityTestRule$ActivityStatement.evaluate(ActivityTestRule.java:257)
at org.junit.rules.RunRules.evaluate(RunRules.java:20)
at org.junit.runners.ParentRunner.runLeaf(ParentRunner.java:325)
at org.junit.runners.BlockJUnit4ClassRunner.runChild(BlockJUnit4ClassRunner.java:78)
at org.junit.runners.BlockJUnit4ClassRunner.runChild(BlockJUnit4ClassRunner.java:57)
at org.junit.runners.ParentRunner$3.run(ParentRunner.java:290)
at org.junit.runners.ParentRunner$1.schedule(ParentRunner.java:71)
at org.junit.runners.ParentRunner.runChildren(ParentRunner.java:288)
at org.junit.runners.ParentRunner.access$000(ParentRunner.java:58)
at org.junit.runners.ParentRunner$2.evaluate(ParentRunner.java:268)
at org.junit.runners.ParentRunner.run(ParentRunner.java:363)
at org.junit.runners.Suite.runChild(Suite.java:128)
at org.junit.runners.Suite.runChild(Suite.java:27)
at org.junit.runners.ParentRunner$3.run(ParentRunner.java:290)
at org.junit.runners.ParentRunner$1.schedule(ParentRunner.java:71)
at org.junit.runners.ParentRunner.runChildren(ParentRunner.java:288)
at org.junit.runners.ParentRunner.access$000(ParentRunner.java:58)
at org.junit.runners.ParentRunner$2.evaluate(ParentRunner.java:268)
at org.junit.runners.ParentRunner.run(ParentRunner.java:363)
at org.junit.runner.JUnitCore.run(JUnitCore.java:137)
at org.junit.runner.JUnitCore.run(JUnitCore.java:115)
at android.support.test.internal.runner.TestExecutor.execute(TestExecutor.java:54)
at android.support.test.runner.AndroidJUnitRunner.onStart(AndroidJUnitRunner.java:240)
at android.app.Instrumentation$InstrumentationThread.run(Instrumentation.java:1853)
</failure>
  </testcase>
  <testcase name="navigatingBackToGraphActivityShouldHaveNavigationClosed" classname="org.linesofcode.alltrack.NavigationUITest" time="11.078" />
</testsuite>