<?xml version='1.0' encoding='UTF-8' ?>
<testsuite name="org.linesofcode.alltrack.test" tests="30" failures="2" errors="0" skipped="0" time="75.908" timestamp="2016-01-31T15:14:13" hostname="localhost">
  <properties />
  <testcase name="addValueShouldTakeCurrentTimeAsDefault" classname="org.linesofcode.alltrack.GraphActivityInteractionUITest" time="6.728" />
  <testcase name="clickOnCancelShouldNotCreateNewGraph" classname="org.linesofcode.alltrack.GraphActivityInteractionUITest" time="4.502" />
  <testcase name="addValueWithRandomDateTimeShouldWork" classname="org.linesofcode.alltrack.GraphActivityInteractionUITest" time="0.556">
    <failure>junit.framework.AssertionFailedError: Not implemented
Expected: is &lt;false&gt;
Got: &lt;true&gt;

at android.support.test.espresso.matcher.ViewMatchers.assertThat(ViewMatchers.java:1014)
at org.linesofcode.alltrack.GraphActivityInteractionUITest.addValueWithRandomDateTimeShouldWork(GraphActivityInteractionUITest.java:226)
at java.lang.reflect.Method.invoke(Native Method)
at java.lang.reflect.Method.invoke(Method.java:372)
at org.junit.runners.model.FrameworkMethod$1.runReflectiveCall(FrameworkMethod.java:50)
at org.junit.internal.runners.model.ReflectiveCallable.run(ReflectiveCallable.java:12)
at org.junit.runners.model.FrameworkMethod.invokeExplosively(FrameworkMethod.java:47)
at org.junit.internal.runners.statements.InvokeMethod.evaluate(InvokeMethod.java:17)
at org.junit.internal.runners.statements.RunBefores.evaluate(RunBefores.java:26)
at org.junit.internal.runners.statements.RunAfters.evaluate(RunAfters.java:27)
at android.support.test.internal.statement.UiThreadStatement.evaluate(UiThreadStatement.java:55)
at android.support.test.rule.ActivityTestRule$ActivityStatement.evaluate(ActivityTestRule.java:257)
at org.junit.rules.RunRules.evaluate(RunRules.java:20)
at org.junit.runners.ParentRunner.runLeaf(ParentRunner.java:325)
at org.junit.runners.BlockJUnit4ClassRunner.runChild(BlockJUnit4ClassRunner.java:78)
at org.junit.runners.BlockJUnit4ClassRunner.runChild(BlockJUnit4ClassRunner.java:57)
at org.junit.runners.ParentRunner$3.run(ParentRunner.java:290)
at org.junit.runners.ParentRunner$1.schedule(ParentRunner.java:71)
at org.junit.runners.ParentRunner.runChildren(ParentRunner.java:288)
at org.junit.runners.ParentRunner.access$000(ParentRunner.java:58)
at org.junit.runners.ParentRunner$2.evaluate(ParentRunner.java:268)
at org.linesofcode.alltrack.framework.DisableAnimationsRule$1.evaluate(DisableAnimationsRule.java:64)
at org.junit.rules.RunRules.evaluate(RunRules.java:20)
at org.junit.runners.ParentRunner.run(ParentRunner.java:363)
at org.junit.runners.Suite.runChild(Suite.java:128)
at org.junit.runners.Suite.runChild(Suite.java:27)
at org.junit.runners.ParentRunner$3.run(ParentRunner.java:290)
at org.junit.runners.ParentRunner$1.schedule(ParentRunner.java:71)
at org.junit.runners.ParentRunner.runChildren(ParentRunner.java:288)
at org.junit.runners.ParentRunner.access$000(ParentRunner.java:58)
at org.junit.runners.ParentRunner$2.evaluate(ParentRunner.java:268)
at org.junit.runners.ParentRunner.run(ParentRunner.java:363)
at org.junit.runner.JUnitCore.run(JUnitCore.java:137)
at org.junit.runner.JUnitCore.run(JUnitCore.java:115)
at android.support.test.internal.runner.TestExecutor.execute(TestExecutor.java:54)
at android.support.test.runner.AndroidJUnitRunner.onStart(AndroidJUnitRunner.java:240)
at android.app.Instrumentation$InstrumentationThread.run(Instrumentation.java:1853)
</failure>
  </testcase>
  <testcase name="clickingAGraphShouldOpenAddValueActivity" classname="org.linesofcode.alltrack.GraphActivityInteractionUITest" time="6.536" />
  <testcase name="addValueShouldRefreshGraphAndMakeValueVisible" classname="org.linesofcode.alltrack.GraphActivityInteractionUITest" time="0.354">
    <failure>junit.framework.AssertionFailedError: Not implemented
Expected: is &lt;false&gt;
Got: &lt;true&gt;

at android.support.test.espresso.matcher.ViewMatchers.assertThat(ViewMatchers.java:1014)
at org.linesofcode.alltrack.GraphActivityInteractionUITest.addValueShouldRefreshGraphAndMakeValueVisible(GraphActivityInteractionUITest.java:231)
at java.lang.reflect.Method.invoke(Native Method)
at java.lang.reflect.Method.invoke(Method.java:372)
at org.junit.runners.model.FrameworkMethod$1.runReflectiveCall(FrameworkMethod.java:50)
at org.junit.internal.runners.model.ReflectiveCallable.run(ReflectiveCallable.java:12)
at org.junit.runners.model.FrameworkMethod.invokeExplosively(FrameworkMethod.java:47)
at org.junit.internal.runners.statements.InvokeMethod.evaluate(InvokeMethod.java:17)
at org.junit.internal.runners.statements.RunBefores.evaluate(RunBefores.java:26)
at org.junit.internal.runners.statements.RunAfters.evaluate(RunAfters.java:27)
at android.support.test.internal.statement.UiThreadStatement.evaluate(UiThreadStatement.java:55)
at android.support.test.rule.ActivityTestRule$ActivityStatement.evaluate(ActivityTestRule.java:257)
at org.junit.rules.RunRules.evaluate(RunRules.java:20)
at org.junit.runners.ParentRunner.runLeaf(ParentRunner.java:325)
at org.junit.runners.BlockJUnit4ClassRunner.runChild(BlockJUnit4ClassRunner.java:78)
at org.junit.runners.BlockJUnit4ClassRunner.runChild(BlockJUnit4ClassRunner.java:57)
at org.junit.runners.ParentRunner$3.run(ParentRunner.java:290)
at org.junit.runners.ParentRunner$1.schedule(ParentRunner.java:71)
at org.junit.runners.ParentRunner.runChildren(ParentRunner.java:288)
at org.junit.runners.ParentRunner.access$000(ParentRunner.java:58)
at org.junit.runners.ParentRunner$2.evaluate(ParentRunner.java:268)
at org.linesofcode.alltrack.framework.DisableAnimationsRule$1.evaluate(DisableAnimationsRule.java:64)
at org.junit.rules.RunRules.evaluate(RunRules.java:20)
at org.junit.runners.ParentRunner.run(ParentRunner.java:363)
at org.junit.runners.Suite.runChild(Suite.java:128)
at org.junit.runners.Suite.runChild(Suite.java:27)
at org.junit.runners.ParentRunner$3.run(ParentRunner.java:290)
at org.junit.runners.ParentRunner$1.schedule(ParentRunner.java:71)
at org.junit.runners.ParentRunner.runChildren(ParentRunner.java:288)
at org.junit.runners.ParentRunner.access$000(ParentRunner.java:58)
at org.junit.runners.ParentRunner$2.evaluate(ParentRunner.java:268)
at org.junit.runners.ParentRunner.run(ParentRunner.java:363)
at org.junit.runner.JUnitCore.run(JUnitCore.java:137)
at org.junit.runner.JUnitCore.run(JUnitCore.java:115)
at android.support.test.internal.runner.TestExecutor.execute(TestExecutor.java:54)
at android.support.test.runner.AndroidJUnitRunner.onStart(AndroidJUnitRunner.java:240)
at android.app.Instrumentation$InstrumentationThread.run(Instrumentation.java:1853)
</failure>
  </testcase>
  <testcase name="hittingEnterInGraphNameFieldShouldCreateNewGraph" classname="org.linesofcode.alltrack.GraphActivityInteractionUITest" time="4.574" />
  <testcase name="showSimpleGraph" classname="org.linesofcode.alltrack.GraphActivityInteractionUITest" time="0.553" />
  <testcase name="newlyAddedGraphShouldBeDisplayedImmediately" classname="org.linesofcode.alltrack.GraphActivityInteractionUITest" time="3.928" />
  <testcase name="addNewGraphShouldCreateNewGraph" classname="org.linesofcode.alltrack.GraphActivityInteractionUITest" time="3.466" />
  <testcase name="swipeDownShouldMaximizeAppBar" classname="org.linesofcode.alltrack.GraphActivitySetupUITest" time="3.191" />
  <testcase name="toolBarShouldBeRendered" classname="org.linesofcode.alltrack.GraphActivitySetupUITest" time="0.805" />
  <testcase name="mainActivityShouldBeStarted" classname="org.linesofcode.alltrack.GraphActivitySetupUITest" time="0.804" />
  <testcase name="recyclerViewShouldBeRendered" classname="org.linesofcode.alltrack.GraphActivitySetupUITest" time="0.603" />
  <testcase name="swipeUpShouldMinimizeAppBar" classname="org.linesofcode.alltrack.GraphActivitySetupUITest" time="3.066" />
  <testcase name="floatingActionButtonShouldBeRendered" classname="org.linesofcode.alltrack.GraphActivitySetupUITest" time="1.736" />
  <testcase name="testCreateGraphShouldPersistGraph" classname="org.linesofcode.alltrack.GraphServiceTest" time="0.228" />
  <testcase name="testDeleteGraphShouldDeleteDataPoints" classname="org.linesofcode.alltrack.GraphServiceTest" time="0.176" />
  <testcase name="testDeleteGraphShouldWork" classname="org.linesofcode.alltrack.GraphServiceTest" time="0.151" />
  <testcase name="testGetAllShouldHaveDatapointsOrdererdByTime" classname="org.linesofcode.alltrack.GraphServiceTest" time="0.101" />
  <testcase name="testGetByIdShouldHaveDatapointsOrderedByTime" classname="org.linesofcode.alltrack.GraphServiceTest" time="0.101" />
  <testcase name="testSaveShouldCreateNewDatapoints" classname="org.linesofcode.alltrack.GraphServiceTest" time="0.051" />
  <testcase name="testSaveShouldDeleteDataPoints" classname="org.linesofcode.alltrack.GraphServiceTest" time="0.051" />
  <testcase name="testAndroidTestCaseSetupProperly" classname="org.linesofcode.alltrack.GraphServiceTest" time="0.026" />
  <testcase name="navigationViewShouldBeClosable" classname="org.linesofcode.alltrack.NavigationUITest" time="4.284" />
  <testcase name="clickOnDataSeriesShouldCloseNavigation" classname="org.linesofcode.alltrack.NavigationUITest" time="6.051" />
  <testcase name="openNavFromSettingsShouldHaveSettingsChecked" classname="org.linesofcode.alltrack.NavigationUITest" time="5.498" />
  <testcase name="navigatingBackToGraphActivityShouldHaveNavigationClosed" classname="org.linesofcode.alltrack.NavigationUITest" time="9.066" />
  <testcase name="clickOnSettingsShouldSwitchActivity" classname="org.linesofcode.alltrack.NavigationUITest" time="5.258" />
  <testcase name="navigationViewShouldBeRendered" classname="org.linesofcode.alltrack.NavigationUITest" time="3.864" />
  <testcase name="openNavFromMainShouldHaveMainChecked" classname="org.linesofcode.alltrack.NavigationUITest" time="3.865" />
</testsuite>