<?xml version='1.0' encoding='UTF-8' ?>
<testsuite name="org.linesofcode.alltrack.test" tests="24" failures="4" errors="0" skipped="0" time="0.0" timestamp="2016-01-31T15:13:35" hostname="localhost">
  <properties />
  <testcase name="addValueShouldTakeCurrentTimeAsDefault" classname="org.linesofcode.alltrack.GraphActivityInteractionUITest" time="7.282" />
  <testcase name="clickOnCancelShouldNotCreateNewGraph" classname="org.linesofcode.alltrack.GraphActivityInteractionUITest" time="4.846" />
  <testcase name="addValueWithRandomDateTimeShouldWork" classname="org.linesofcode.alltrack.GraphActivityInteractionUITest" time="0.677">
    <failure>junit.framework.AssertionFailedError: Not implemented
Expected: is &lt;false&gt;
Got: &lt;true&gt;

at android.support.test.espresso.matcher.ViewMatchers.assertThat(ViewMatchers.java:1014)
at org.linesofcode.alltrack.GraphActivityInteractionUITest.addValueWithRandomDateTimeShouldWork(GraphActivityInteractionUITest.java:226)
at java.lang.reflect.Method.invoke(Native Method)
at org.junit.runners.model.FrameworkMethod$1.runReflectiveCall(FrameworkMethod.java:50)
at org.junit.internal.runners.model.ReflectiveCallable.run(ReflectiveCallable.java:12)
at org.junit.runners.model.FrameworkMethod.invokeExplosively(FrameworkMethod.java:47)
at org.junit.internal.runners.statements.InvokeMethod.evaluate(InvokeMethod.java:17)
at org.junit.internal.runners.statements.RunBefores.evaluate(RunBefores.java:26)
at org.junit.internal.runners.statements.RunAfters.evaluate(RunAfters.java:27)
at android.support.test.internal.statement.UiThreadStatement.evaluate(UiThreadStatement.java:55)
at android.support.test.rule.ActivityTestRule$ActivityStatement.evaluate(ActivityTestRule.java:257)
at org.junit.rules.RunRules.evaluate(RunRules.java:20)
at org.junit.runners.ParentRunner.runLeaf(ParentRunner.java:325)
at org.junit.runners.BlockJUnit4ClassRunner.runChild(BlockJUnit4ClassRunner.java:78)
at org.junit.runners.BlockJUnit4ClassRunner.runChild(BlockJUnit4ClassRunner.java:57)
at org.junit.runners.ParentRunner$3.run(ParentRunner.java:290)
at org.junit.runners.ParentRunner$1.schedule(ParentRunner.java:71)
at org.junit.runners.ParentRunner.runChildren(ParentRunner.java:288)
at org.junit.runners.ParentRunner.access$000(ParentRunner.java:58)
at org.junit.runners.ParentRunner$2.evaluate(ParentRunner.java:268)
at org.linesofcode.alltrack.framework.DisableAnimationsRule$1.evaluate(DisableAnimationsRule.java:64)
at org.junit.rules.RunRules.evaluate(RunRules.java:20)
at org.junit.runners.ParentRunner.run(ParentRunner.java:363)
at org.junit.runners.Suite.runChild(Suite.java:128)
at org.junit.runners.Suite.runChild(Suite.java:27)
at org.junit.runners.ParentRunner$3.run(ParentRunner.java:290)
at org.junit.runners.ParentRunner$1.schedule(ParentRunner.java:71)
at org.junit.runners.ParentRunner.runChildren(ParentRunner.java:288)
at org.junit.runners.ParentRunner.access$000(ParentRunner.java:58)
at org.junit.runners.ParentRunner$2.evaluate(ParentRunner.java:268)
at org.junit.runners.ParentRunner.run(ParentRunner.java:363)
at org.junit.runner.JUnitCore.run(JUnitCore.java:137)
at org.junit.runner.JUnitCore.run(JUnitCore.java:115)
at android.support.test.internal.runner.TestExecutor.execute(TestExecutor.java:54)
at android.support.test.runner.AndroidJUnitRunner.onStart(AndroidJUnitRunner.java:240)
at android.app.Instrumentation$InstrumentationThread.run(Instrumentation.java:1879)
</failure>
  </testcase>
  <testcase name="clickingAGraphShouldOpenAddValueActivity" classname="org.linesofcode.alltrack.GraphActivityInteractionUITest" time="5.256" />
  <testcase name="addValueShouldRefreshGraphAndMakeValueVisible" classname="org.linesofcode.alltrack.GraphActivityInteractionUITest" time="0.403">
    <failure>junit.framework.AssertionFailedError: Not implemented
Expected: is &lt;false&gt;
Got: &lt;true&gt;

at android.support.test.espresso.matcher.ViewMatchers.assertThat(ViewMatchers.java:1014)
at org.linesofcode.alltrack.GraphActivityInteractionUITest.addValueShouldRefreshGraphAndMakeValueVisible(GraphActivityInteractionUITest.java:231)
at java.lang.reflect.Method.invoke(Native Method)
at org.junit.runners.model.FrameworkMethod$1.runReflectiveCall(FrameworkMethod.java:50)
at org.junit.internal.runners.model.ReflectiveCallable.run(ReflectiveCallable.java:12)
at org.junit.runners.model.FrameworkMethod.invokeExplosively(FrameworkMethod.java:47)
at org.junit.internal.runners.statements.InvokeMethod.evaluate(InvokeMethod.java:17)
at org.junit.internal.runners.statements.RunBefores.evaluate(RunBefores.java:26)
at org.junit.internal.runners.statements.RunAfters.evaluate(RunAfters.java:27)
at android.support.test.internal.statement.UiThreadStatement.evaluate(UiThreadStatement.java:55)
at android.support.test.rule.ActivityTestRule$ActivityStatement.evaluate(ActivityTestRule.java:257)
at org.junit.rules.RunRules.evaluate(RunRules.java:20)
at org.junit.runners.ParentRunner.runLeaf(ParentRunner.java:325)
at org.junit.runners.BlockJUnit4ClassRunner.runChild(BlockJUnit4ClassRunner.java:78)
at org.junit.runners.BlockJUnit4ClassRunner.runChild(BlockJUnit4ClassRunner.java:57)
at org.junit.runners.ParentRunner$3.run(ParentRunner.java:290)
at org.junit.runners.ParentRunner$1.schedule(ParentRunner.java:71)
at org.junit.runners.ParentRunner.runChildren(ParentRunner.java:288)
at org.junit.runners.ParentRunner.access$000(ParentRunner.java:58)
at org.junit.runners.ParentRunner$2.evaluate(ParentRunner.java:268)
at org.linesofcode.alltrack.framework.DisableAnimationsRule$1.evaluate(DisableAnimationsRule.java:64)
at org.junit.rules.RunRules.evaluate(RunRules.java:20)
at org.junit.runners.ParentRunner.run(ParentRunner.java:363)
at org.junit.runners.Suite.runChild(Suite.java:128)
at org.junit.runners.Suite.runChild(Suite.java:27)
at org.junit.runners.ParentRunner$3.run(ParentRunner.java:290)
at org.junit.runners.ParentRunner$1.schedule(ParentRunner.java:71)
at org.junit.runners.ParentRunner.runChildren(ParentRunner.java:288)
at org.junit.runners.ParentRunner.access$000(ParentRunner.java:58)
at org.junit.runners.ParentRunner$2.evaluate(ParentRunner.java:268)
at org.junit.runners.ParentRunner.run(ParentRunner.java:363)
at org.junit.runner.JUnitCore.run(JUnitCore.java:137)
at org.junit.runner.JUnitCore.run(JUnitCore.java:115)
at android.support.test.internal.runner.TestExecutor.execute(TestExecutor.java:54)
at android.support.test.runner.AndroidJUnitRunner.onStart(AndroidJUnitRunner.java:240)
at android.app.Instrumentation$InstrumentationThread.run(Instrumentation.java:1879)
</failure>
  </testcase>
  <testcase name="hittingEnterInGraphNameFieldShouldCreateNewGraph" classname="org.linesofcode.alltrack.GraphActivityInteractionUITest" time="5.84" />
  <testcase name="showSimpleGraph" classname="org.linesofcode.alltrack.GraphActivityInteractionUITest" time="1.232" />
  <testcase name="newlyAddedGraphShouldBeDisplayedImmediately" classname="org.linesofcode.alltrack.GraphActivityInteractionUITest" time="6.481" />
  <testcase name="addNewGraphShouldCreateNewGraph" classname="org.linesofcode.alltrack.GraphActivityInteractionUITest" time="4.298" />
  <testcase name="swipeDownShouldMaximizeAppBar" classname="org.linesofcode.alltrack.GraphActivitySetupUITest" time="2.111" />
  <testcase name="toolBarShouldBeRendered" classname="org.linesofcode.alltrack.GraphActivitySetupUITest" time="0.729" />
  <testcase name="mainActivityShouldBeStarted" classname="org.linesofcode.alltrack.GraphActivitySetupUITest" time="0.681" />
  <testcase name="recyclerViewShouldBeRendered" classname="org.linesofcode.alltrack.GraphActivitySetupUITest" time="0.804" />
  <testcase name="swipeUpShouldMinimizeAppBar" classname="org.linesofcode.alltrack.GraphActivitySetupUITest" time="1.282" />
  <testcase name="floatingActionButtonShouldBeRendered" classname="org.linesofcode.alltrack.GraphActivitySetupUITest" time="0.513">
    <failure>java.lang.OutOfMemoryError: Failed to allocate a 3686412 byte allocation with 1604104 free bytes and 1566KB until OOM
at dalvik.system.VMRuntime.newNonMovableArray(Native Method)
at android.graphics.Bitmap.nativeCreate(Native Method)
at android.graphics.Bitmap.createBitmap(Bitmap.java:831)
at android.graphics.Bitmap.createBitmap(Bitmap.java:808)
at android.graphics.Bitmap.createBitmap(Bitmap.java:775)
at com.squareup.spoon.Spoon.takeScreenshot(Spoon.java:93)
at com.squareup.spoon.Spoon.screenshot(Spoon.java:83)
at com.squareup.spoon.Spoon.screenshot(Spoon.java:60)
at org.linesofcode.alltrack.GraphActivitySetupUITest.floatingActionButtonShouldBeRendered(GraphActivitySetupUITest.java:59)
at java.lang.reflect.Method.invoke(Native Method)
at org.junit.runners.model.FrameworkMethod$1.runReflectiveCall(FrameworkMethod.java:50)
at org.junit.internal.runners.model.ReflectiveCallable.run(ReflectiveCallable.java:12)
at org.junit.runners.model.FrameworkMethod.invokeExplosively(FrameworkMethod.java:47)
at org.junit.internal.runners.statements.InvokeMethod.evaluate(InvokeMethod.java:17)
at org.junit.internal.runners.statements.RunBefores.evaluate(RunBefores.java:26)
at android.support.test.internal.statement.UiThreadStatement.evaluate(UiThreadStatement.java:55)
at android.support.test.rule.ActivityTestRule$ActivityStatement.evaluate(ActivityTestRule.java:257)
at org.junit.rules.RunRules.evaluate(RunRules.java:20)
at org.junit.runners.ParentRunner.runLeaf(ParentRunner.java:325)
at org.junit.runners.BlockJUnit4ClassRunner.runChild(BlockJUnit4ClassRunner.java:78)
at org.junit.runners.BlockJUnit4ClassRunner.runChild(BlockJUnit4ClassRunner.java:57)
at org.junit.runners.ParentRunner$3.run(ParentRunner.java:290)
at org.junit.runners.ParentRunner$1.schedule(ParentRunner.java:71)
at org.junit.runners.ParentRunner.runChildren(ParentRunner.java:288)
at org.junit.runners.ParentRunner.access$000(ParentRunner.java:58)
at org.junit.runners.ParentRunner$2.evaluate(ParentRunner.java:268)
at org.linesofcode.alltrack.framework.DisableAnimationsRule$1.evaluate(DisableAnimationsRule.java:64)
at org.junit.rules.RunRules.evaluate(RunRules.java:20)
at org.junit.runners.ParentRunner.run(ParentRunner.java:363)
at org.junit.runners.Suite.runChild(Suite.java:128)
at org.junit.runners.Suite.runChild(Suite.java:27)
at org.junit.runners.ParentRunner$3.run(ParentRunner.java:290)
at org.junit.runners.ParentRunner$1.schedule(ParentRunner.java:71)
at org.junit.runners.ParentRunner.runChildren(ParentRunner.java:288)
at org.junit.runners.ParentRunner.access$000(ParentRunner.java:58)
at org.junit.runners.ParentRunner$2.evaluate(ParentRunner.java:268)
at org.junit.runners.ParentRunner.run(ParentRunner.java:363)
at org.junit.runner.JUnitCore.run(JUnitCore.java:137)
at org.junit.runner.JUnitCore.run(JUnitCore.java:115)
at android.support.test.internal.runner.TestExecutor.execute(TestExecutor.java:54)
at android.support.test.runner.AndroidJUnitRunner.onStart(AndroidJUnitRunner.java:240)
at android.app.Instrumentation$InstrumentationThread.run(Instrumentation.java:1879)
</failure>
  </testcase>
  <testcase name="testCreateGraphShouldPersistGraph" classname="org.linesofcode.alltrack.GraphServiceTest" time="0.076" />
  <testcase name="testDeleteGraphShouldDeleteDataPoints" classname="org.linesofcode.alltrack.GraphServiceTest" time="0.177" />
  <testcase name="testDeleteGraphShouldWork" classname="org.linesofcode.alltrack.GraphServiceTest" time="0.102" />
  <testcase name="testGetAllShouldHaveDatapointsOrdererdByTime" classname="org.linesofcode.alltrack.GraphServiceTest" time="0.076" />
  <testcase name="testGetByIdShouldHaveDatapointsOrderedByTime" classname="org.linesofcode.alltrack.GraphServiceTest" time="0.026" />
  <testcase name="testSaveShouldCreateNewDatapoints" classname="org.linesofcode.alltrack.GraphServiceTest" time="0.05" />
  <testcase name="testSaveShouldDeleteDataPoints" classname="org.linesofcode.alltrack.GraphServiceTest" time="0.05" />
  <testcase name="testAndroidTestCaseSetupProperly" classname="org.linesofcode.alltrack.GraphServiceTest" time="0.0" />
  <testcase name="navigationViewShouldBeClosable" classname="org.linesofcode.alltrack.NavigationUITest" time="0.512">
    <failure>java.lang.OutOfMemoryError: Failed to allocate a 1440012 byte allocation with 1395880 free bytes and 1363KB until OOM
at dalvik.system.VMRuntime.newNonMovableArray(Native Method)
at android.graphics.Bitmap.nativeCreate(Native Method)
at android.graphics.Bitmap.createBitmap(Bitmap.java:831)
at android.graphics.Bitmap.createBitmap(Bitmap.java:808)
at android.graphics.Bitmap.createBitmap(Bitmap.java:775)
at com.github.mikephil.charting.renderer.LineChartRenderer.drawData(LineChartRenderer.java:88)
at com.github.mikephil.charting.charts.BarLineChartBase.onDraw(BarLineChartBase.java:247)
at android.view.View.draw(View.java:16178)
at android.view.View.draw(View.java:16090)
at android.view.ViewGroup.drawChild(ViewGroup.java:3609)
at android.view.ViewGroup.dispatchDraw(ViewGroup.java:3399)
at android.view.View.draw(View.java:16088)
at android.view.ViewGroup.drawChild(ViewGroup.java:3609)
at android.support.v7.widget.RecyclerView.drawChild(RecyclerView.java:3693)
at android.view.ViewGroup.dispatchDraw(ViewGroup.java:3399)
at android.view.View.draw(View.java:16181)
at android.support.v7.widget.RecyclerView.draw(RecyclerView.java:3171)
at android.view.View.draw(View.java:16090)
at android.view.ViewGroup.drawChild(ViewGroup.java:3609)
at android.support.design.widget.CoordinatorLayout.drawChild(CoordinatorLayout.java:1074)
at android.view.ViewGroup.dispatchDraw(ViewGroup.java:3399)
at android.view.View.draw(View.java:16088)
at android.view.ViewGroup.drawChild(ViewGroup.java:3609)
at android.support.v4.widget.DrawerLayout.drawChild(DrawerLayout.java:1229)
at android.view.ViewGroup.dispatchDraw(ViewGroup.java:3399)
at android.view.View.draw(View.java:16181)
at android.view.View.draw(View.java:16090)
at android.view.ViewGroup.drawChild(ViewGroup.java:3609)
at android.view.ViewGroup.dispatchDraw(ViewGroup.java:3399)
at android.view.View.draw(View.java:16088)
at android.view.ViewGroup.drawChild(ViewGroup.java:3609)
at android.view.ViewGroup.dispatchDraw(ViewGroup.java:3399)
at android.view.View.draw(View.java:16088)
at android.view.ViewGroup.drawChild(ViewGroup.java:3609)
at android.view.ViewGroup.dispatchDraw(ViewGroup.java:3399)
at android.view.View.draw(View.java:16088)
at android.view.ViewGroup.drawChild(ViewGroup.java:3609)
at android.view.ViewGroup.dispatchDraw(ViewGroup.java:3399)
at android.view.View.draw(View.java:16088)
at android.view.ViewGroup.drawChild(ViewGroup.java:3609)
at android.view.ViewGroup.dispatchDraw(ViewGroup.java:3399)
at android.view.View.draw(View.java:16181)
at com.android.internal.policy.PhoneWindow$DecorView.draw(PhoneWindow.java:2690)
at android.view.ViewRootImpl.drawSoftware(ViewRootImpl.java:2728)
at android.view.ViewRootImpl.draw(ViewRootImpl.java:2642)
at android.view.ViewRootImpl.performDraw(ViewRootImpl.java:2434)
at android.view.ViewRootImpl.performTraversals(ViewRootImpl.java:2067)
at android.view.ViewRootImpl.doTraversal(ViewRootImpl.java:1107)
at android.view.ViewRootImpl$TraversalRunnable.run(ViewRootImpl.java:6013)
at android.view.Choreographer$CallbackRecord.run(Choreographer.java:858)
at android.view.Choreographer.doCallbacks(Choreographer.java:670)
at android.view.Choreographer.doFrame(Choreographer.java:606)
at android.view.Choreographer$FrameDisplayEventReceiver.run(Choreographer.java:844)
at android.os.Handler.handleCallback(Handler.java:739)
at android.os.Handler.dispatchMessage(Handler.java:95)
at android.os.Looper.loop(Looper.java:148)
at android.app.ActivityThread.main(ActivityThread.java:5417)
at java.lang.reflect.Method.invoke(Native Method)
at com.android.internal.os.ZygoteInit$MethodAndArgsCaller.run(ZygoteInit.java:726)
at com.android.internal.os.ZygoteInit.main(ZygoteInit.java:616)
</failure>
  </testcase>
</testsuite>