<?xml version='1.0' encoding='UTF-8' ?>
<testsuite name="org.linesofcode.alltrack.test" tests="25" failures="0" errors="0" skipped="0" time="92.966" timestamp="2016-01-22T21:40:42" hostname="localhost">
  <properties />
  <testcase name="clickOnCancelShouldNotCreateNewGraph" classname="org.linesofcode.alltrack.GraphActivitiyInteractionUITest" time="5.457" />
  <testcase name="hittingEnterInGraphNameFieldShouldCreateNewGraph" classname="org.linesofcode.alltrack.GraphActivitiyInteractionUITest" time="5.097" />
  <testcase name="showSimpleGraph" classname="org.linesofcode.alltrack.GraphActivitiyInteractionUITest" time="0.604" />
  <testcase name="newlyAddedGraphShouldBeDisplayedImmediately" classname="org.linesofcode.alltrack.GraphActivitiyInteractionUITest" time="7.609" />
  <testcase name="addNewGraphShouldCreateNewGraph" classname="org.linesofcode.alltrack.GraphActivitiyInteractionUITest" time="5.933" />
  <testcase name="swipeDownShouldMaximizeAppBar" classname="org.linesofcode.alltrack.GraphActivitySetupUITest" time="2.089" />
  <testcase name="toolBarShouldBeRendered" classname="org.linesofcode.alltrack.GraphActivitySetupUITest" time="0.678" />
  <testcase name="mainActivityShouldBeStarted" classname="org.linesofcode.alltrack.GraphActivitySetupUITest" time="0.552" />
  <testcase name="recyclerViewShouldBeRendered" classname="org.linesofcode.alltrack.GraphActivitySetupUITest" time="0.603" />
  <testcase name="swipeUpShouldMinimizeAppBar" classname="org.linesofcode.alltrack.GraphActivitySetupUITest" time="6.213" />
  <testcase name="floatingActionButtonShouldBeRendered" classname="org.linesofcode.alltrack.GraphActivitySetupUITest" time="0.506" />
  <testcase name="testCreateGraphShouldPersistGraph" classname="org.linesofcode.alltrack.GraphServiceTest" time="0.126" />
  <testcase name="testDeleteGraphShouldDeleteDataPoints" classname="org.linesofcode.alltrack.GraphServiceTest" time="0.101" />
  <testcase name="testDeleteGraphShouldWork" classname="org.linesofcode.alltrack.GraphServiceTest" time="0.101" />
  <testcase name="testGetAllShouldHaveDatapointsOrdererdByTime" classname="org.linesofcode.alltrack.GraphServiceTest" time="0.1" />
  <testcase name="testSaveShouldCreateNewDatapoints" classname="org.linesofcode.alltrack.GraphServiceTest" time="0.025" />
  <testcase name="testSaveShouldDeleteDataPoints" classname="org.linesofcode.alltrack.GraphServiceTest" time="0.075" />
  <testcase name="testAndroidTestCaseSetupProperly" classname="org.linesofcode.alltrack.GraphServiceTest" time="0.051" />
  <testcase name="navigationViewShouldBeClosable" classname="org.linesofcode.alltrack.NavigationUITest" time="6.874" />
  <testcase name="clickOnDataSeriesShouldCloseNavigation" classname="org.linesofcode.alltrack.NavigationUITest" time="6.973" />
  <testcase name="openNavFromSettingsShouldHaveSettingsChecked" classname="org.linesofcode.alltrack.NavigationUITest" time="13.147" />
  <testcase name="navigatingBackToGraphActivityShouldHaveNavigationClosed" classname="org.linesofcode.alltrack.NavigationUITest" time="14.392" />
  <testcase name="clickOnSettingsShouldSwitchActivity" classname="org.linesofcode.alltrack.NavigationUITest" time="9.533" />
  <testcase name="navigationViewShouldBeRendered" classname="org.linesofcode.alltrack.NavigationUITest" time="4.376" />
  <testcase name="openNavFromMainShouldHaveMainChecked" classname="org.linesofcode.alltrack.NavigationUITest" time="3.612" />
</testsuite>