<?xml version='1.0' encoding='UTF-8' ?>
<testsuite name="org.linesofcode.alltrack.test" tests="25" failures="3" errors="0" skipped="0" time="69.759" timestamp="2016-01-30T20:09:39" hostname="localhost">
  <properties />
  <testcase name="clickOnCancelShouldNotCreateNewGraph" classname="org.linesofcode.alltrack.GraphActivitiyInteractionUITest" time="5.533" />
  <testcase name="hittingEnterInGraphNameFieldShouldCreateNewGraph" classname="org.linesofcode.alltrack.GraphActivitiyInteractionUITest" time="9.429" />
  <testcase name="showSimpleGraph" classname="org.linesofcode.alltrack.GraphActivitiyInteractionUITest" time="0.521">
    <failure>java.lang.IllegalArgumentException: Tag must match [a-zA-Z0-9_-]+.
at com.squareup.spoon.Spoon.screenshot(Spoon.java:75)
at com.squareup.spoon.Spoon.screenshot(Spoon.java:60)
at org.linesofcode.alltrack.GraphActivitiyInteractionUITest.takeScreenshot(GraphActivitiyInteractionUITest.java:221)
at org.linesofcode.alltrack.GraphActivitiyInteractionUITest.showSimpleGraph(GraphActivitiyInteractionUITest.java:110)
at java.lang.reflect.Method.invoke(Native Method)
at java.lang.reflect.Method.invoke(Method.java:372)
at org.junit.runners.model.FrameworkMethod$1.runReflectiveCall(FrameworkMethod.java:50)
at org.junit.internal.runners.model.ReflectiveCallable.run(ReflectiveCallable.java:12)
at org.junit.runners.model.FrameworkMethod.invokeExplosively(FrameworkMethod.java:47)
at org.junit.internal.runners.statements.InvokeMethod.evaluate(InvokeMethod.java:17)
at org.junit.internal.runners.statements.RunBefores.evaluate(RunBefores.java:26)
at org.junit.internal.runners.statements.RunAfters.evaluate(RunAfters.java:27)
at android.support.test.internal.statement.UiThreadStatement.evaluate(UiThreadStatement.java:55)
at android.support.test.rule.ActivityTestRule$ActivityStatement.evaluate(ActivityTestRule.java:257)
at org.junit.rules.RunRules.evaluate(RunRules.java:20)
at org.junit.runners.ParentRunner.runLeaf(ParentRunner.java:325)
at org.junit.runners.BlockJUnit4ClassRunner.runChild(BlockJUnit4ClassRunner.java:78)
at org.junit.runners.BlockJUnit4ClassRunner.runChild(BlockJUnit4ClassRunner.java:57)
at org.junit.runners.ParentRunner$3.run(ParentRunner.java:290)
at org.junit.runners.ParentRunner$1.schedule(ParentRunner.java:71)
at org.junit.runners.ParentRunner.runChildren(ParentRunner.java:288)
at org.junit.runners.ParentRunner.access$000(ParentRunner.java:58)
at org.junit.runners.ParentRunner$2.evaluate(ParentRunner.java:268)
at org.linesofcode.alltrack.framework.DisableAnimationsRule$1.evaluate(DisableAnimationsRule.java:64)
at org.junit.rules.RunRules.evaluate(RunRules.java:20)
at org.junit.runners.ParentRunner.run(ParentRunner.java:363)
at org.junit.runners.Suite.runChild(Suite.java:128)
at org.junit.runners.Suite.runChild(Suite.java:27)
at org.junit.runners.ParentRunner$3.run(ParentRunner.java:290)
at org.junit.runners.ParentRunner$1.schedule(ParentRunner.java:71)
at org.junit.runners.ParentRunner.runChildren(ParentRunner.java:288)
at org.junit.runners.ParentRunner.access$000(ParentRunner.java:58)
at org.junit.runners.ParentRunner$2.evaluate(ParentRunner.java:268)
at org.junit.runners.ParentRunner.run(ParentRunner.java:363)
at org.junit.runner.JUnitCore.run(JUnitCore.java:137)
at org.junit.runner.JUnitCore.run(JUnitCore.java:115)
at android.support.test.internal.runner.TestExecutor.execute(TestExecutor.java:54)
at android.support.test.runner.AndroidJUnitRunner.onStart(AndroidJUnitRunner.java:240)
at android.app.Instrumentation$InstrumentationThread.run(Instrumentation.java:1853)
</failure>
  </testcase>
  <testcase name="newlyAddedGraphShouldBeDisplayedImmediately" classname="org.linesofcode.alltrack.GraphActivitiyInteractionUITest" time="1.284">
    <failure>java.lang.IllegalArgumentException: Tag must match [a-zA-Z0-9_-]+.
at com.squareup.spoon.Spoon.screenshot(Spoon.java:75)
at com.squareup.spoon.Spoon.screenshot(Spoon.java:60)
at org.linesofcode.alltrack.GraphActivitiyInteractionUITest.takeScreenshot(GraphActivitiyInteractionUITest.java:221)
at org.linesofcode.alltrack.GraphActivitiyInteractionUITest.createGraph(GraphActivitiyInteractionUITest.java:192)
at org.linesofcode.alltrack.GraphActivitiyInteractionUITest.newlyAddedGraphShouldBeDisplayedImmediately(GraphActivitiyInteractionUITest.java:151)
at java.lang.reflect.Method.invoke(Native Method)
at java.lang.reflect.Method.invoke(Method.java:372)
at org.junit.runners.model.FrameworkMethod$1.runReflectiveCall(FrameworkMethod.java:50)
at org.junit.internal.runners.model.ReflectiveCallable.run(ReflectiveCallable.java:12)
at org.junit.runners.model.FrameworkMethod.invokeExplosively(FrameworkMethod.java:47)
at org.junit.internal.runners.statements.InvokeMethod.evaluate(InvokeMethod.java:17)
at org.junit.internal.runners.statements.RunBefores.evaluate(RunBefores.java:26)
at org.junit.internal.runners.statements.RunAfters.evaluate(RunAfters.java:27)
at android.support.test.internal.statement.UiThreadStatement.evaluate(UiThreadStatement.java:55)
at android.support.test.rule.ActivityTestRule$ActivityStatement.evaluate(ActivityTestRule.java:257)
at org.junit.rules.RunRules.evaluate(RunRules.java:20)
at org.junit.runners.ParentRunner.runLeaf(ParentRunner.java:325)
at org.junit.runners.BlockJUnit4ClassRunner.runChild(BlockJUnit4ClassRunner.java:78)
at org.junit.runners.BlockJUnit4ClassRunner.runChild(BlockJUnit4ClassRunner.java:57)
at org.junit.runners.ParentRunner$3.run(ParentRunner.java:290)
at org.junit.runners.ParentRunner$1.schedule(ParentRunner.java:71)
at org.junit.runners.ParentRunner.runChildren(ParentRunner.java:288)
at org.junit.runners.ParentRunner.access$000(ParentRunner.java:58)
at org.junit.runners.ParentRunner$2.evaluate(ParentRunner.java:268)
at org.linesofcode.alltrack.framework.DisableAnimationsRule$1.evaluate(DisableAnimationsRule.java:64)
at org.junit.rules.RunRules.evaluate(RunRules.java:20)
at org.junit.runners.ParentRunner.run(ParentRunner.java:363)
at org.junit.runners.Suite.runChild(Suite.java:128)
at org.junit.runners.Suite.runChild(Suite.java:27)
at org.junit.runners.ParentRunner$3.run(ParentRunner.java:290)
at org.junit.runners.ParentRunner$1.schedule(ParentRunner.java:71)
at org.junit.runners.ParentRunner.runChildren(ParentRunner.java:288)
at org.junit.runners.ParentRunner.access$000(ParentRunner.java:58)
at org.junit.runners.ParentRunner$2.evaluate(ParentRunner.java:268)
at org.junit.runners.ParentRunner.run(ParentRunner.java:363)
at org.junit.runner.JUnitCore.run(JUnitCore.java:137)
at org.junit.runner.JUnitCore.run(JUnitCore.java:115)
at android.support.test.internal.runner.TestExecutor.execute(TestExecutor.java:54)
at android.support.test.runner.AndroidJUnitRunner.onStart(AndroidJUnitRunner.java:240)
at android.app.Instrumentation$InstrumentationThread.run(Instrumentation.java:1853)
</failure>
  </testcase>
  <testcase name="addNewGraphShouldCreateNewGraph" classname="org.linesofcode.alltrack.GraphActivitiyInteractionUITest" time="1.635">
    <failure>java.lang.IllegalArgumentException: Tag must match [a-zA-Z0-9_-]+.
at com.squareup.spoon.Spoon.screenshot(Spoon.java:75)
at com.squareup.spoon.Spoon.screenshot(Spoon.java:60)
at org.linesofcode.alltrack.GraphActivitiyInteractionUITest.takeScreenshot(GraphActivitiyInteractionUITest.java:221)
at org.linesofcode.alltrack.GraphActivitiyInteractionUITest.createGraph(GraphActivitiyInteractionUITest.java:192)
at org.linesofcode.alltrack.GraphActivitiyInteractionUITest.addNewGraphShouldCreateNewGraph(GraphActivitiyInteractionUITest.java:142)
at java.lang.reflect.Method.invoke(Native Method)
at java.lang.reflect.Method.invoke(Method.java:372)
at org.junit.runners.model.FrameworkMethod$1.runReflectiveCall(FrameworkMethod.java:50)
at org.junit.internal.runners.model.ReflectiveCallable.run(ReflectiveCallable.java:12)
at org.junit.runners.model.FrameworkMethod.invokeExplosively(FrameworkMethod.java:47)
at org.junit.internal.runners.statements.InvokeMethod.evaluate(InvokeMethod.java:17)
at org.junit.internal.runners.statements.RunBefores.evaluate(RunBefores.java:26)
at org.junit.internal.runners.statements.RunAfters.evaluate(RunAfters.java:27)
at android.support.test.internal.statement.UiThreadStatement.evaluate(UiThreadStatement.java:55)
at android.support.test.rule.ActivityTestRule$ActivityStatement.evaluate(ActivityTestRule.java:257)
at org.junit.rules.RunRules.evaluate(RunRules.java:20)
at org.junit.runners.ParentRunner.runLeaf(ParentRunner.java:325)
at org.junit.runners.BlockJUnit4ClassRunner.runChild(BlockJUnit4ClassRunner.java:78)
at org.junit.runners.BlockJUnit4ClassRunner.runChild(BlockJUnit4ClassRunner.java:57)
at org.junit.runners.ParentRunner$3.run(ParentRunner.java:290)
at org.junit.runners.ParentRunner$1.schedule(ParentRunner.java:71)
at org.junit.runners.ParentRunner.runChildren(ParentRunner.java:288)
at org.junit.runners.ParentRunner.access$000(ParentRunner.java:58)
at org.junit.runners.ParentRunner$2.evaluate(ParentRunner.java:268)
at org.linesofcode.alltrack.framework.DisableAnimationsRule$1.evaluate(DisableAnimationsRule.java:64)
at org.junit.rules.RunRules.evaluate(RunRules.java:20)
at org.junit.runners.ParentRunner.run(ParentRunner.java:363)
at org.junit.runners.Suite.runChild(Suite.java:128)
at org.junit.runners.Suite.runChild(Suite.java:27)
at org.junit.runners.ParentRunner$3.run(ParentRunner.java:290)
at org.junit.runners.ParentRunner$1.schedule(ParentRunner.java:71)
at org.junit.runners.ParentRunner.runChildren(ParentRunner.java:288)
at org.junit.runners.ParentRunner.access$000(ParentRunner.java:58)
at org.junit.runners.ParentRunner$2.evaluate(ParentRunner.java:268)
at org.junit.runners.ParentRunner.run(ParentRunner.java:363)
at org.junit.runner.JUnitCore.run(JUnitCore.java:137)
at org.junit.runner.JUnitCore.run(JUnitCore.java:115)
at android.support.test.internal.runner.TestExecutor.execute(TestExecutor.java:54)
at android.support.test.runner.AndroidJUnitRunner.onStart(AndroidJUnitRunner.java:240)
at android.app.Instrumentation$InstrumentationThread.run(Instrumentation.java:1853)
</failure>
  </testcase>
  <testcase name="swipeDownShouldMaximizeAppBar" classname="org.linesofcode.alltrack.GraphActivitySetupUITest" time="3.196" />
  <testcase name="toolBarShouldBeRendered" classname="org.linesofcode.alltrack.GraphActivitySetupUITest" time="2.49" />
  <testcase name="mainActivityShouldBeStarted" classname="org.linesofcode.alltrack.GraphActivitySetupUITest" time="1.887" />
  <testcase name="recyclerViewShouldBeRendered" classname="org.linesofcode.alltrack.GraphActivitySetupUITest" time="0.856" />
  <testcase name="swipeUpShouldMinimizeAppBar" classname="org.linesofcode.alltrack.GraphActivitySetupUITest" time="2.923" />
  <testcase name="floatingActionButtonShouldBeRendered" classname="org.linesofcode.alltrack.GraphActivitySetupUITest" time="2.017" />
  <testcase name="testCreateGraphShouldPersistGraph" classname="org.linesofcode.alltrack.GraphServiceTest" time="0.202" />
  <testcase name="testDeleteGraphShouldDeleteDataPoints" classname="org.linesofcode.alltrack.GraphServiceTest" time="0.075" />
  <testcase name="testDeleteGraphShouldWork" classname="org.linesofcode.alltrack.GraphServiceTest" time="0.101" />
  <testcase name="testGetAllShouldHaveDatapointsOrdererdByTime" classname="org.linesofcode.alltrack.GraphServiceTest" time="0.025" />
  <testcase name="testSaveShouldCreateNewDatapoints" classname="org.linesofcode.alltrack.GraphServiceTest" time="0.05" />
  <testcase name="testSaveShouldDeleteDataPoints" classname="org.linesofcode.alltrack.GraphServiceTest" time="0.05" />
  <testcase name="testAndroidTestCaseSetupProperly" classname="org.linesofcode.alltrack.GraphServiceTest" time="0.0" />
  <testcase name="navigationViewShouldBeClosable" classname="org.linesofcode.alltrack.NavigationUITest" time="4.675" />
  <testcase name="clickOnDataSeriesShouldCloseNavigation" classname="org.linesofcode.alltrack.NavigationUITest" time="5.023" />
  <testcase name="openNavFromSettingsShouldHaveSettingsChecked" classname="org.linesofcode.alltrack.NavigationUITest" time="6.429" />
  <testcase name="navigatingBackToGraphActivityShouldHaveNavigationClosed" classname="org.linesofcode.alltrack.NavigationUITest" time="9.414" />
  <testcase name="clickOnSettingsShouldSwitchActivity" classname="org.linesofcode.alltrack.NavigationUITest" time="6.348" />
  <testcase name="navigationViewShouldBeRendered" classname="org.linesofcode.alltrack.NavigationUITest" time="2.911" />
  <testcase name="openNavFromMainShouldHaveMainChecked" classname="org.linesofcode.alltrack.NavigationUITest" time="5.395" />
</testsuite>