<?xml version='1.0' encoding='UTF-8' ?>
<testsuite name="org.linesofcode.alltrack.test" tests="15" failures="3" errors="0" skipped="0" time="0.0" timestamp="2016-02-01T13:34:26" hostname="localhost">
  <properties />
  <testcase name="addValueShouldTakeCurrentTimeAsDefault" classname="org.linesofcode.alltrack.GraphActivityInteractionUITest" time="9.956" />
  <testcase name="clickOnCancelShouldNotCreateNewGraph" classname="org.linesofcode.alltrack.GraphActivityInteractionUITest" time="7.111" />
  <testcase name="addValueWithRandomDateTimeShouldWork" classname="org.linesofcode.alltrack.GraphActivityInteractionUITest" time="9.297" />
  <testcase name="clickingAGraphShouldOpenAddValueActivity" classname="org.linesofcode.alltrack.GraphActivityInteractionUITest" time="6.825" />
  <testcase name="addValueShouldRefreshGraphAndMakeValueVisible" classname="org.linesofcode.alltrack.GraphActivityInteractionUITest" time="15.368" />
  <testcase name="hittingEnterInGraphNameFieldShouldCreateNewGraph" classname="org.linesofcode.alltrack.GraphActivityInteractionUITest" time="6.913" />
  <testcase name="showSimpleGraph" classname="org.linesofcode.alltrack.GraphActivityInteractionUITest" time="1.259" />
  <testcase name="newlyAddedGraphShouldBeDisplayedImmediately" classname="org.linesofcode.alltrack.GraphActivityInteractionUITest" time="5.783" />
  <testcase name="addNewGraphShouldCreateNewGraph" classname="org.linesofcode.alltrack.GraphActivityInteractionUITest" time="4.952" />
  <testcase name="swipeDownShouldMaximizeAppBar" classname="org.linesofcode.alltrack.GraphActivitySetupUITest" time="4.62" />
  <testcase name="toolBarShouldBeRendered" classname="org.linesofcode.alltrack.GraphActivitySetupUITest" time="1.288" />
  <testcase name="mainActivityShouldBeStarted" classname="org.linesofcode.alltrack.GraphActivitySetupUITest" time="1.387" />
  <testcase name="recyclerViewShouldBeRendered" classname="org.linesofcode.alltrack.GraphActivitySetupUITest" time="0.913">
    <failure>java.lang.OutOfMemoryError: Failed to allocate a 3686412 byte allocation with 3207136 free bytes and 3MB until OOM
at dalvik.system.VMRuntime.newNonMovableArray(Native Method)
at android.graphics.Bitmap.nativeCreate(Native Method)
at android.graphics.Bitmap.createBitmap(Bitmap.java:831)
at android.graphics.Bitmap.createBitmap(Bitmap.java:808)
at android.graphics.Bitmap.createBitmap(Bitmap.java:775)
at com.squareup.spoon.Spoon.takeScreenshot(Spoon.java:93)
at com.squareup.spoon.Spoon.screenshot(Spoon.java:83)
at com.squareup.spoon.Spoon.screenshot(Spoon.java:60)
at org.linesofcode.alltrack.GraphActivitySetupUITest.recyclerViewShouldBeRendered(GraphActivitySetupUITest.java:65)
at java.lang.reflect.Method.invoke(Native Method)
at org.junit.runners.model.FrameworkMethod$1.runReflectiveCall(FrameworkMethod.java:50)
at org.junit.internal.runners.model.ReflectiveCallable.run(ReflectiveCallable.java:12)
at org.junit.runners.model.FrameworkMethod.invokeExplosively(FrameworkMethod.java:47)
at org.junit.internal.runners.statements.InvokeMethod.evaluate(InvokeMethod.java:17)
at org.junit.internal.runners.statements.RunBefores.evaluate(RunBefores.java:26)
at android.support.test.internal.statement.UiThreadStatement.evaluate(UiThreadStatement.java:55)
at android.support.test.rule.ActivityTestRule$ActivityStatement.evaluate(ActivityTestRule.java:257)
at org.junit.rules.RunRules.evaluate(RunRules.java:20)
at org.junit.runners.ParentRunner.runLeaf(ParentRunner.java:325)
at org.junit.runners.BlockJUnit4ClassRunner.runChild(BlockJUnit4ClassRunner.java:78)
at org.junit.runners.BlockJUnit4ClassRunner.runChild(BlockJUnit4ClassRunner.java:57)
at org.junit.runners.ParentRunner$3.run(ParentRunner.java:290)
at org.junit.runners.ParentRunner$1.schedule(ParentRunner.java:71)
at org.junit.runners.ParentRunner.runChildren(ParentRunner.java:288)
at org.junit.runners.ParentRunner.access$000(ParentRunner.java:58)
at org.junit.runners.ParentRunner$2.evaluate(ParentRunner.java:268)
at org.linesofcode.alltrack.framework.DisableAnimationsRule$1.evaluate(DisableAnimationsRule.java:64)
at org.junit.rules.RunRules.evaluate(RunRules.java:20)
at org.junit.runners.ParentRunner.run(ParentRunner.java:363)
at org.junit.runners.Suite.runChild(Suite.java:128)
at org.junit.runners.Suite.runChild(Suite.java:27)
at org.junit.runners.ParentRunner$3.run(ParentRunner.java:290)
at org.junit.runners.ParentRunner$1.schedule(ParentRunner.java:71)
at org.junit.runners.ParentRunner.runChildren(ParentRunner.java:288)
at org.junit.runners.ParentRunner.access$000(ParentRunner.java:58)
at org.junit.runners.ParentRunner$2.evaluate(ParentRunner.java:268)
at org.junit.runners.ParentRunner.run(ParentRunner.java:363)
at org.junit.runner.JUnitCore.run(JUnitCore.java:137)
at org.junit.runner.JUnitCore.run(JUnitCore.java:115)
at android.support.test.internal.runner.TestExecutor.execute(TestExecutor.java:54)
at android.support.test.runner.AndroidJUnitRunner.onStart(AndroidJUnitRunner.java:240)
at android.app.Instrumentation$InstrumentationThread.run(Instrumentation.java:1879)
</failure>
  </testcase>
  <testcase name="swipeUpShouldMinimizeAppBar" classname="org.linesofcode.alltrack.GraphActivitySetupUITest" time="2.128">
    <failure>java.lang.OutOfMemoryError: Failed to allocate a 3686412 byte allocation with 169520 free bytes and 165KB until OOM
at dalvik.system.VMRuntime.newNonMovableArray(Native Method)
at android.graphics.Bitmap.nativeCreate(Native Method)
at android.graphics.Bitmap.createBitmap(Bitmap.java:831)
at android.graphics.Bitmap.createBitmap(Bitmap.java:808)
at android.graphics.Bitmap.createBitmap(Bitmap.java:775)
at com.squareup.spoon.Spoon.takeScreenshot(Spoon.java:93)
at com.squareup.spoon.Spoon.screenshot(Spoon.java:83)
at com.squareup.spoon.Spoon.screenshot(Spoon.java:60)
at org.linesofcode.alltrack.GraphActivitySetupUITest.swipeUpShouldMinimizeAppBar(GraphActivitySetupUITest.java:78)
at java.lang.reflect.Method.invoke(Native Method)
at org.junit.runners.model.FrameworkMethod$1.runReflectiveCall(FrameworkMethod.java:50)
at org.junit.internal.runners.model.ReflectiveCallable.run(ReflectiveCallable.java:12)
at org.junit.runners.model.FrameworkMethod.invokeExplosively(FrameworkMethod.java:47)
at org.junit.internal.runners.statements.InvokeMethod.evaluate(InvokeMethod.java:17)
at org.junit.internal.runners.statements.RunBefores.evaluate(RunBefores.java:26)
at android.support.test.internal.statement.UiThreadStatement.evaluate(UiThreadStatement.java:55)
at android.support.test.rule.ActivityTestRule$ActivityStatement.evaluate(ActivityTestRule.java:257)
at org.junit.rules.RunRules.evaluate(RunRules.java:20)
at org.junit.runners.ParentRunner.runLeaf(ParentRunner.java:325)
at org.junit.runners.BlockJUnit4ClassRunner.runChild(BlockJUnit4ClassRunner.java:78)
at org.junit.runners.BlockJUnit4ClassRunner.runChild(BlockJUnit4ClassRunner.java:57)
at org.junit.runners.ParentRunner$3.run(ParentRunner.java:290)
at org.junit.runners.ParentRunner$1.schedule(ParentRunner.java:71)
at org.junit.runners.ParentRunner.runChildren(ParentRunner.java:288)
at org.junit.runners.ParentRunner.access$000(ParentRunner.java:58)
at org.junit.runners.ParentRunner$2.evaluate(ParentRunner.java:268)
at org.linesofcode.alltrack.framework.DisableAnimationsRule$1.evaluate(DisableAnimationsRule.java:64)
at org.junit.rules.RunRules.evaluate(RunRules.java:20)
at org.junit.runners.ParentRunner.run(ParentRunner.java:363)
at org.junit.runners.Suite.runChild(Suite.java:128)
at org.junit.runners.Suite.runChild(Suite.java:27)
at org.junit.runners.ParentRunner$3.run(ParentRunner.java:290)
at org.junit.runners.ParentRunner$1.schedule(ParentRunner.java:71)
at org.junit.runners.ParentRunner.runChildren(ParentRunner.java:288)
at org.junit.runners.ParentRunner.access$000(ParentRunner.java:58)
at org.junit.runners.ParentRunner$2.evaluate(ParentRunner.java:268)
at org.junit.runners.ParentRunner.run(ParentRunner.java:363)
at org.junit.runner.JUnitCore.run(JUnitCore.java:137)
at org.junit.runner.JUnitCore.run(JUnitCore.java:115)
at android.support.test.internal.runner.TestExecutor.execute(TestExecutor.java:54)
at android.support.test.runner.AndroidJUnitRunner.onStart(AndroidJUnitRunner.java:240)
at android.app.Instrumentation$InstrumentationThread.run(Instrumentation.java:1879)
</failure>
  </testcase>
  <testcase name="floatingActionButtonShouldBeRendered" classname="org.linesofcode.alltrack.GraphActivitySetupUITest" time="46.925">
    <failure>java.lang.OutOfMemoryError: OutOfMemoryError thrown while trying to throw OutOfMemoryError; no stack trace available
</failure>
  </testcase>
</testsuite>