<?xml version='1.0' encoding='UTF-8' ?>
<testsuite name="org.linesofcode.alltrack.test" tests="30" failures="0" errors="0" skipped="0" time="167.023" timestamp="2016-02-01T13:34:06" hostname="localhost">
  <properties />
  <testcase name="addValueShouldTakeCurrentTimeAsDefault" classname="org.linesofcode.alltrack.GraphActivityInteractionUITest" time="8.833" />
  <testcase name="clickOnCancelShouldNotCreateNewGraph" classname="org.linesofcode.alltrack.GraphActivityInteractionUITest" time="10.491" />
  <testcase name="addValueWithRandomDateTimeShouldWork" classname="org.linesofcode.alltrack.GraphActivityInteractionUITest" time="12.988" />
  <testcase name="clickingAGraphShouldOpenAddValueActivity" classname="org.linesofcode.alltrack.GraphActivityInteractionUITest" time="13.202" />
  <testcase name="addValueShouldRefreshGraphAndMakeValueVisible" classname="org.linesofcode.alltrack.GraphActivityInteractionUITest" time="19.012" />
  <testcase name="hittingEnterInGraphNameFieldShouldCreateNewGraph" classname="org.linesofcode.alltrack.GraphActivityInteractionUITest" time="9.551" />
  <testcase name="showSimpleGraph" classname="org.linesofcode.alltrack.GraphActivityInteractionUITest" time="0.882" />
  <testcase name="newlyAddedGraphShouldBeDisplayedImmediately" classname="org.linesofcode.alltrack.GraphActivityInteractionUITest" time="7.719" />
  <testcase name="addNewGraphShouldCreateNewGraph" classname="org.linesofcode.alltrack.GraphActivityInteractionUITest" time="8.954" />
  <testcase name="swipeDownShouldMaximizeAppBar" classname="org.linesofcode.alltrack.GraphActivitySetupUITest" time="5.443" />
  <testcase name="toolBarShouldBeRendered" classname="org.linesofcode.alltrack.GraphActivitySetupUITest" time="1.714" />
  <testcase name="mainActivityShouldBeStarted" classname="org.linesofcode.alltrack.GraphActivitySetupUITest" time="0.908" />
  <testcase name="recyclerViewShouldBeRendered" classname="org.linesofcode.alltrack.GraphActivitySetupUITest" time="0.981" />
  <testcase name="swipeUpShouldMinimizeAppBar" classname="org.linesofcode.alltrack.GraphActivitySetupUITest" time="2.394" />
  <testcase name="floatingActionButtonShouldBeRendered" classname="org.linesofcode.alltrack.GraphActivitySetupUITest" time="1.284" />
  <testcase name="testCreateGraphShouldPersistGraph" classname="org.linesofcode.alltrack.GraphServiceTest" time="0.177" />
  <testcase name="testDeleteGraphShouldDeleteDataPoints" classname="org.linesofcode.alltrack.GraphServiceTest" time="0.278" />
  <testcase name="testDeleteGraphShouldWork" classname="org.linesofcode.alltrack.GraphServiceTest" time="0.203" />
  <testcase name="testGetAllShouldHaveDatapointsOrdererdByTime" classname="org.linesofcode.alltrack.GraphServiceTest" time="0.202" />
  <testcase name="testGetByIdShouldHaveDatapointsOrderedByTime" classname="org.linesofcode.alltrack.GraphServiceTest" time="0.23" />
  <testcase name="testSaveShouldCreateNewDatapoints" classname="org.linesofcode.alltrack.GraphServiceTest" time="0.153" />
  <testcase name="testSaveShouldDeleteDataPoints" classname="org.linesofcode.alltrack.GraphServiceTest" time="0.304" />
  <testcase name="testAndroidTestCaseSetupProperly" classname="org.linesofcode.alltrack.GraphServiceTest" time="0.0" />
  <testcase name="navigationViewShouldBeClosable" classname="org.linesofcode.alltrack.NavigationUITest" time="7.814" />
  <testcase name="clickOnDataSeriesShouldCloseNavigation" classname="org.linesofcode.alltrack.NavigationUITest" time="9.099" />
  <testcase name="openNavFromSettingsShouldHaveSettingsChecked" classname="org.linesofcode.alltrack.NavigationUITest" time="14.357" />
  <testcase name="navigatingBackToGraphActivityShouldHaveNavigationClosed" classname="org.linesofcode.alltrack.NavigationUITest" time="13.691" />
  <testcase name="clickOnSettingsShouldSwitchActivity" classname="org.linesofcode.alltrack.NavigationUITest" time="12.758" />
  <testcase name="navigationViewShouldBeRendered" classname="org.linesofcode.alltrack.NavigationUITest" time="5.423" />
  <testcase name="openNavFromMainShouldHaveMainChecked" classname="org.linesofcode.alltrack.NavigationUITest" time="6.251" />
</testsuite>